Using pre-set license
Built from '2022.3/staging' branch; Version is '2022.3.3f1 (7cdc2969a641) revision 8182825'; Using compiler version '192829333'; Build Type 'Release'
OS: 'Windows 11  (10.0.22631) 64bit CoreSingleLanguage' Language: 'en' Physical Memory: 16304 MB
BatchMode: 1, IsHumanControllingUs: 0, StartBugReporterOnCrash: 0, Is64bit: 1, IsPro: 1

COMMAND LINE ARGUMENTS:
C:\Program Files\Unity\Hub\Editor\2022.3.3f1\Editor\Unity.exe
-adb2
-batchMode
-noUpm
-name
AssetImportWorker0
-projectPath
E:/studyUnity/Net1701_Animal Pixel_Group3
-logFile
Logs/AssetImportWorker0.log
-srvPort
52287
Successfully changed project path to: E:/studyUnity/Net1701_Animal Pixel_Group3
E:/studyUnity/Net1701_Animal Pixel_Group3
[UnityMemory] Configuration Parameters - Can be set up in boot.config
    "memorysetup-bucket-allocator-granularity=16"
    "memorysetup-bucket-allocator-bucket-count=8"
    "memorysetup-bucket-allocator-block-size=33554432"
    "memorysetup-bucket-allocator-block-count=8"
    "memorysetup-main-allocator-block-size=16777216"
    "memorysetup-thread-allocator-block-size=16777216"
    "memorysetup-gfx-main-allocator-block-size=16777216"
    "memorysetup-gfx-thread-allocator-block-size=16777216"
    "memorysetup-cache-allocator-block-size=4194304"
    "memorysetup-typetree-allocator-block-size=2097152"
    "memorysetup-profiler-bucket-allocator-granularity=16"
    "memorysetup-profiler-bucket-allocator-bucket-count=8"
    "memorysetup-profiler-bucket-allocator-block-size=33554432"
    "memorysetup-profiler-bucket-allocator-block-count=8"
    "memorysetup-profiler-allocator-block-size=16777216"
    "memorysetup-profiler-editor-allocator-block-size=1048576"
    "memorysetup-temp-allocator-size-main=16777216"
    "memorysetup-job-temp-allocator-block-size=2097152"
    "memorysetup-job-temp-allocator-block-size-background=1048576"
    "memorysetup-job-temp-allocator-reduction-small-platforms=262144"
    "memorysetup-allocator-temp-initial-block-size-main=262144"
    "memorysetup-allocator-temp-initial-block-size-worker=262144"
    "memorysetup-temp-allocator-size-background-worker=32768"
    "memorysetup-temp-allocator-size-job-worker=262144"
    "memorysetup-temp-allocator-size-preload-manager=33554432"
    "memorysetup-temp-allocator-size-nav-mesh-worker=65536"
    "memorysetup-temp-allocator-size-audio-worker=65536"
    "memorysetup-temp-allocator-size-cloud-worker=32768"
    "memorysetup-temp-allocator-size-gi-baking-worker=262144"
    "memorysetup-temp-allocator-size-gfx=262144"
Player connection [81092] Host "[IP] 172.26.160.1 [Port] 0 [Flags] 2 [Guid] 1097654857 [EditorId] 1097654857 [Version] 1048832 [Id] WindowsEditor(7,SANG) [Debug] 1 [PackageName] WindowsEditor [ProjectName] Editor" joined multi-casting on [225.0.0.222:54997]...

Player connection [81092] Host "[IP] 172.26.160.1 [Port] 0 [Flags] 2 [Guid] 1097654857 [EditorId] 1097654857 [Version] 1048832 [Id] WindowsEditor(7,SANG) [Debug] 1 [PackageName] WindowsEditor [ProjectName] Editor" joined alternative multi-casting on [225.0.0.222:34997]...

Refreshing native plugins compatible for Editor in 8.41 ms, found 4 plugins.
Preloading 0 native plugins for Editor in 0.00 ms.
Initialize engine version: 2022.3.3f1 (7cdc2969a641)
[Subsystems] Discovering subsystems at path C:/Program Files/Unity/Hub/Editor/2022.3.3f1/Editor/Data/Resources/UnitySubsystems
[Subsystems] Discovering subsystems at path E:/studyUnity/Net1701_Animal Pixel_Group3/Assets
GfxDevice: creating device client; threaded=0; jobified=0
Direct3D:
    Version:  Direct3D 11.0 [level 11.1]
    Renderer: NVIDIA GeForce GTX 1050 (ID=0x1c91)
    Vendor:   NVIDIA
    VRAM:     2995 MB
    Driver:   31.0.15.3734
Initialize mono
Mono path[0] = 'C:/Program Files/Unity/Hub/Editor/2022.3.3f1/Editor/Data/Managed'
Mono path[1] = 'C:/Program Files/Unity/Hub/Editor/2022.3.3f1/Editor/Data/MonoBleedingEdge/lib/mono/unityjit-win32'
Mono config path = 'C:/Program Files/Unity/Hub/Editor/2022.3.3f1/Editor/Data/MonoBleedingEdge/etc'
Using monoOptions --debugger-agent=transport=dt_socket,embedding=1,server=y,suspend=n,address=127.0.0.1:56440
Begin MonoManager ReloadAssembly
Registering precompiled unity dll's ...
Register platform support module: C:/Program Files/Unity/Hub/Editor/2022.3.3f1/Editor/Data/PlaybackEngines/WindowsStandaloneSupport/UnityEditor.WindowsStandalone.Extensions.dll
Registered in 0.005906 seconds.
- Loaded All Assemblies, in  0.395 seconds
Native extension for WindowsStandalone target not found
Mono: successfully reloaded assembly
- Finished resetting the current domain, in  0.331 seconds
Domain Reload Profiling: 962ms
	BeginReloadAssembly (102ms)
		ExecutionOrderSort (0ms)
		DisableScriptedObjects (0ms)
		BackupInstance (0ms)
		ReleaseScriptingObjects (0ms)
		CreateAndSetChildDomain (1ms)
	RebuildCommonClasses (40ms)
	RebuildNativeTypeToScriptingClass (13ms)
	initialDomainReloadingComplete (67ms)
	LoadAllAssembliesAndSetupDomain (408ms)
		LoadAssemblies (100ms)
		RebuildTransferFunctionScriptingTraits (0ms)
		AnalyzeDomain (165ms)
			TypeCache.Refresh (163ms)
				TypeCache.ScanAssembly (147ms)
			ScanForSourceGeneratedMonoScriptInfo (0ms)
			ResolveRequiredComponents (1ms)
	FinalizeReload (332ms)
		ReleaseScriptCaches (0ms)
		RebuildScriptCaches (0ms)
		SetupLoadedEditorAssemblies (252ms)
			LogAssemblyErrors (0ms)
			InitializePlatformSupportModulesInManaged (10ms)
			SetLoadedEditorAssemblies (10ms)
			RefreshPlugins (0ms)
			BeforeProcessingInitializeOnLoad (2ms)
			ProcessInitializeOnLoadAttributes (170ms)
			ProcessInitializeOnLoadMethodAttributes (59ms)
			AfterProcessingInitializeOnLoad (0ms)
			EditorAssembliesLoaded (0ms)
		ExecutionOrderSort2 (0ms)
		AwakeInstancesAfterBackupRestoration (0ms)
========================================================================
Worker process is ready to serve import requests
Begin MonoManager ReloadAssembly
Symbol file LoadedFromMemory doesn't match image E:\studyUnity\Net1701_Animal Pixel_Group3\Library\PackageCache\com.unity.visualscripting@1.8.0\Editor\VisualScripting.Core\Dependencies\YamlDotNet\Unity.VisualScripting.YamlDotNet.dll
Symbol file LoadedFromMemory doesn't match image E:\studyUnity\Net1701_Animal Pixel_Group3\Library\PackageCache\com.unity.visualscripting@1.8.0\Editor\VisualScripting.Core\Dependencies\DotNetZip\Unity.VisualScripting.IonicZip.dll
- Loaded All Assemblies, in  0.833 seconds
Refreshing native plugins compatible for Editor in 3.73 ms, found 4 plugins.
Native extension for WindowsStandalone target not found
Package Manager log level set to [2]
[Package Manager] Server::EnsureServerProcessIsRunning -- launch failed, reason: Unity was launched with the -noUpm command-line argument
[Package Manager] UpmClient::Send -- Unable to send message (not connected to UPM process).
[Package Manager] Cannot connect to Unity Package Manager local server
Mono: successfully reloaded assembly
- Finished resetting the current domain, in  0.872 seconds
Domain Reload Profiling: 1704ms
	BeginReloadAssembly (174ms)
		ExecutionOrderSort (0ms)
		DisableScriptedObjects (9ms)
		BackupInstance (0ms)
		ReleaseScriptingObjects (0ms)
		CreateAndSetChildDomain (25ms)
	RebuildCommonClasses (35ms)
	RebuildNativeTypeToScriptingClass (12ms)
	initialDomainReloadingComplete (47ms)
	LoadAllAssembliesAndSetupDomain (563ms)
		LoadAssemblies (288ms)
		RebuildTransferFunctionScriptingTraits (0ms)
		AnalyzeDomain (341ms)
			TypeCache.Refresh (311ms)
				TypeCache.ScanAssembly (297ms)
			ScanForSourceGeneratedMonoScriptInfo (23ms)
			ResolveRequiredComponents (8ms)
	FinalizeReload (873ms)
		ReleaseScriptCaches (0ms)
		RebuildScriptCaches (0ms)
		SetupLoadedEditorAssemblies (638ms)
			LogAssemblyErrors (0ms)
			InitializePlatformSupportModulesInManaged (7ms)
			SetLoadedEditorAssemblies (4ms)
			RefreshPlugins (0ms)
			BeforeProcessingInitializeOnLoad (79ms)
			ProcessInitializeOnLoadAttributes (472ms)
			ProcessInitializeOnLoadMethodAttributes (66ms)
			AfterProcessingInitializeOnLoad (11ms)
			EditorAssembliesLoaded (0ms)
		ExecutionOrderSort2 (0ms)
		AwakeInstancesAfterBackupRestoration (19ms)
Launched and connected shader compiler UnityShaderCompiler.exe after 0.36 seconds
Refreshing native plugins compatible for Editor in 3.80 ms, found 4 plugins.
Preloading 0 native plugins for Editor in 0.00 ms.
Unloading 4014 Unused Serialized files (Serialized files now loaded: 0)
Unloading 69 unused Assets / (245.0 KB). Loaded Objects now: 4472.
Memory consumption went from 139.0 MB to 138.7 MB.
Total: 7.301500 ms (FindLiveObjects: 0.854000 ms CreateObjectMapping: 0.831900 ms MarkObjects: 5.298800 ms  DeleteObjects: 0.315000 ms)

AssetImportParameters requested are different than current active one (requested -> active):
  custom:container-demuxer-ogg: 62fdf1f143b41e24485cea50d1cbac27 -> 
  custom:video-codec-MediaFoundation-h265: 746d11721c4dcdbdad8f713fa42b33f4 -> 
  custom:video-decoder-ogg-theora: a1e56fd34408186e4bbccfd4996cb3dc -> 
  custom:framework-win-MediaFoundation: 216162199b28c13a410421893ffa2e32 -> 
  custom:container-demuxer-webm: 4f35f7cbe854078d1ac9338744f61a02 -> 
  custom:container-muxer-webm: aa71ff27fc2769a1b78a27578f13a17b -> 
  custom:video-decoder-webm-vp8: 9c59270c3fd7afecdb556c50c9e8de78 -> 
  custom:AudioImporter_EditorPlatform: d09bf68614088b80899f8185d706f6e7 -> 
  custom:video-encoder-webm-vp8: eb34c28f22e8b96e1ab97ce403110664 -> 
  custom:audio-decoder-ogg-vorbis: bf7c407c2cedff20999df2af8eb42d56 -> 
  custom:audio-encoder-webm-vorbis: bf7c407c2cedff20999df2af8eb42d56 -> 
========================================================================
Received Import Request.
  Time since last request: 482411.709127 seconds.
  path: Assets/karsiori/TileMap/Decorations
  artifactKey: Guid(8c8aacf5e651f5c4f925b03ec1f407d8) Importer(815301076,1909f56bfc062723c751e8b465ee728b)
Start importing Assets/karsiori/TileMap/Decorations using Guid(8c8aacf5e651f5c4f925b03ec1f407d8) Importer(815301076,1909f56bfc062723c751e8b465ee728b)  -> (artifact id: 'a540d74e85cae4f0d718d74ecae8f763') in 0.006698 seconds
Number of updated asset objects reloaded before import = 0
Number of asset objects unloaded after import = 0
========================================================================
Received Import Request.
  Time since last request: 0.000039 seconds.
  path: Assets/karsiori/TileMap/Decorations/BUSH FOREGROUND 1-5.png
  artifactKey: Guid(441f0c2aca2fff545bc517e6f139dcd3) Importer(815301076,1909f56bfc062723c751e8b465ee728b)
Start importing Assets/karsiori/TileMap/Decorations/BUSH FOREGROUND 1-5.png using Guid(441f0c2aca2fff545bc517e6f139dcd3) Importer(815301076,1909f56bfc062723c751e8b465ee728b)  -> (artifact id: 'a266caa969ca81d5bc7d045cc7921af5') in 1.029332 seconds
Number of updated asset objects reloaded before import = 0
Number of asset objects unloaded after import = 3
========================================================================
Received Import Request.
  Time since last request: 0.000083 seconds.
  path: Assets/karsiori/TileMap/Decorations/BUSH FOREGROUND 1-4.png
  artifactKey: Guid(204aa51c2bf1ec24581c9d3474d90682) Importer(815301076,1909f56bfc062723c751e8b465ee728b)
Start importing Assets/karsiori/TileMap/Decorations/BUSH FOREGROUND 1-4.png using Guid(204aa51c2bf1ec24581c9d3474d90682) Importer(815301076,1909f56bfc062723c751e8b465ee728b)  -> (artifact id: '20ef1a753c83a42c5cac767a1cde533d') in 0.045145 seconds
Number of updated asset objects reloaded before import = 0
Number of asset objects unloaded after import = 3
========================================================================
Received Import Request.
  Time since last request: 0.000069 seconds.
  path: Assets/karsiori/TileMap/Decorations/BUSH FOREGROUND 1-3.png
  artifactKey: Guid(a97b342cc5260f04cafe1eb0535e607f) Importer(815301076,1909f56bfc062723c751e8b465ee728b)
Start importing Assets/karsiori/TileMap/Decorations/BUSH FOREGROUND 1-3.png using Guid(a97b342cc5260f04cafe1eb0535e607f) Importer(815301076,1909f56bfc062723c751e8b465ee728b)  -> (artifact id: '4bdd85b055fcc3c380f9c66a55b88516') in 0.036802 seconds
Number of updated asset objects reloaded before import = 0
Number of asset objects unloaded after import = 3
========================================================================
Received Import Request.
  Time since last request: 0.000032 seconds.
  path: Assets/karsiori/TileMap/Decorations/GRASS 2-1.png
  artifactKey: Guid(978dc763e47067149be399903ad6addb) Importer(815301076,1909f56bfc062723c751e8b465ee728b)
Start importing Assets/karsiori/TileMap/Decorations/GRASS 2-1.png using Guid(978dc763e47067149be399903ad6addb) Importer(815301076,1909f56bfc062723c751e8b465ee728b)  -> (artifact id: '95fa790736e0df3a2166bb5282722da9') in 0.173141 seconds
Number of updated asset objects reloaded before import = 0
Number of asset objects unloaded after import = 3
========================================================================
Received Import Request.
  Time since last request: 0.000055 seconds.
  path: Assets/karsiori/TileMap/Decorations/MUSHROOM 2-1.png
  artifactKey: Guid(bf1ec6d0f702cf64aa0dcef1dde074e1) Importer(815301076,1909f56bfc062723c751e8b465ee728b)
Start importing Assets/karsiori/TileMap/Decorations/MUSHROOM 2-1.png using Guid(bf1ec6d0f702cf64aa0dcef1dde074e1) Importer(815301076,1909f56bfc062723c751e8b465ee728b)  -> (artifact id: 'acdd3e2e51bbfc4a874e9616dde7f3f8') in 0.266208 seconds
Number of updated asset objects reloaded before import = 0
Number of asset objects unloaded after import = 3
========================================================================
Received Import Request.
  Time since last request: 0.000032 seconds.
  path: Assets/karsiori/TileMap/Decorations/GRASS 2-2.png
  artifactKey: Guid(1ee73367054f56241a4324eb7326adfa) Importer(815301076,1909f56bfc062723c751e8b465ee728b)
Start importing Assets/karsiori/TileMap/Decorations/GRASS 2-2.png using Guid(1ee73367054f56241a4324eb7326adfa) Importer(815301076,1909f56bfc062723c751e8b465ee728b)  -> (artifact id: 'ca68b05e00a4efd6fc24414fabb116fb') in 1.001917 seconds
Number of updated asset objects reloaded before import = 0
Number of asset objects unloaded after import = 3
========================================================================
Received Import Request.
  Time since last request: 0.000023 seconds.
  path: Assets/karsiori/TileMap/Decorations/GRASS 1-1.png
  artifactKey: Guid(0601d1c0d4f47414d8f4753656fb214d) Importer(815301076,1909f56bfc062723c751e8b465ee728b)
Start importing Assets/karsiori/TileMap/Decorations/GRASS 1-1.png using Guid(0601d1c0d4f47414d8f4753656fb214d) Importer(815301076,1909f56bfc062723c751e8b465ee728b)  -> (artifact id: 'c6cb5ba8da68eba1e476d5c376224a35') in 0.740334 seconds
Number of updated asset objects reloaded before import = 0
Number of asset objects unloaded after import = 3
========================================================================
Received Import Request.
  Time since last request: 0.000125 seconds.
  path: Assets/karsiori/TileMap/Decorations/GRASS 1-2.png
  artifactKey: Guid(968fb733146be924a9feb390a617f3e5) Importer(815301076,1909f56bfc062723c751e8b465ee728b)
Start importing Assets/karsiori/TileMap/Decorations/GRASS 1-2.png using Guid(968fb733146be924a9feb390a617f3e5) Importer(815301076,1909f56bfc062723c751e8b465ee728b)  -> (artifact id: 'ff76d8cffa2951287a0367bb8c9250a3') in 0.235954 seconds
Number of updated asset objects reloaded before import = 0
Number of asset objects unloaded after import = 3
========================================================================
Received Import Request.
  Time since last request: 0.003100 seconds.
  path: Assets/karsiori/TileMap
  artifactKey: Guid(f0a42fdbfcc70674095ba99a4a5da981) Importer(815301076,1909f56bfc062723c751e8b465ee728b)
Start importing Assets/karsiori/TileMap using Guid(f0a42fdbfcc70674095ba99a4a5da981) Importer(815301076,1909f56bfc062723c751e8b465ee728b)  -> (artifact id: '095f04b72c3df23229e342bf6def6cb1') in 0.000549 seconds
Number of updated asset objects reloaded before import = 0
Number of asset objects unloaded after import = 0
========================================================================
Received Import Request.
  Time since last request: 0.000097 seconds.
  path: Assets/karsiori/TileMap/Decorations/BUSH FOREGROUND 1-2.png
  artifactKey: Guid(172cec936be54c1419615eb2b96b32a5) Importer(815301076,1909f56bfc062723c751e8b465ee728b)
Start importing Assets/karsiori/TileMap/Decorations/BUSH FOREGROUND 1-2.png using Guid(172cec936be54c1419615eb2b96b32a5) Importer(815301076,1909f56bfc062723c751e8b465ee728b)  -> (artifact id: '7082ab0507ecb019d68a25a070247f86') in 0.610930 seconds
Number of updated asset objects reloaded before import = 0
Number of asset objects unloaded after import = 3
========================================================================
Received Import Request.
  Time since last request: 0.000118 seconds.
  path: Assets/karsiori/TileMap/Decorations/GRASS 3-1.png
  artifactKey: Guid(99da83ba741f67f499ae9ac3544776b5) Importer(815301076,1909f56bfc062723c751e8b465ee728b)
Start importing Assets/karsiori/TileMap/Decorations/GRASS 3-1.png using Guid(99da83ba741f67f499ae9ac3544776b5) Importer(815301076,1909f56bfc062723c751e8b465ee728b)  -> (artifact id: '1dd29a8f78252107775164ba49139910') in 0.353811 seconds
Number of updated asset objects reloaded before import = 0
Number of asset objects unloaded after import = 3
========================================================================
Received Import Request.
  Time since last request: 0.000107 seconds.
  path: Assets/karsiori/TileMap/Decorations/BUSH FOREGROUND 1-7.png
  artifactKey: Guid(68304e1b7849e7843b7784e79792ff89) Importer(815301076,1909f56bfc062723c751e8b465ee728b)
Start importing Assets/karsiori/TileMap/Decorations/BUSH FOREGROUND 1-7.png using Guid(68304e1b7849e7843b7784e79792ff89) Importer(815301076,1909f56bfc062723c751e8b465ee728b)  -> (artifact id: '0587fe773223753ef2bf3ad2c624f929') in 0.021894 seconds
Number of updated asset objects reloaded before import = 0
Number of asset objects unloaded after import = 3
========================================================================
Received Import Request.
  Time since last request: 0.000173 seconds.
  path: Assets/karsiori/TileMap/Backgrounds
  artifactKey: Guid(d74bfa70216838f48920b22d92b9b272) Importer(815301076,1909f56bfc062723c751e8b465ee728b)
Start importing Assets/karsiori/TileMap/Backgrounds using Guid(d74bfa70216838f48920b22d92b9b272) Importer(815301076,1909f56bfc062723c751e8b465ee728b)  -> (artifact id: '33759886f8e8441425596374ec17c39d') in 0.000474 seconds
Number of updated asset objects reloaded before import = 0
Number of asset objects unloaded after import = 0
========================================================================
Received Import Request.
  Time since last request: 62.056278 seconds.
  path: Assets/Scenes/SampleScene.unity
  artifactKey: Guid(2cda990e2423bbf4892e6590ba056729) Importer(815301076,1909f56bfc062723c751e8b465ee728b)
Start importing Assets/Scenes/SampleScene.unity using Guid(2cda990e2423bbf4892e6590ba056729) Importer(815301076,1909f56bfc062723c751e8b465ee728b)  -> (artifact id: 'b3c5504cb6965db0000ae56152a0ec4b') in 0.000469 seconds
Number of updated asset objects reloaded before import = 0
Number of asset objects unloaded after import = 0
========================================================================
Received Import Request.
  Time since last request: 1.962071 seconds.
  path: Assets/Scenes/SampleScene.unity
  artifactKey: Guid(2cda990e2423bbf4892e6590ba056729) Importer(815301076,1909f56bfc062723c751e8b465ee728b)
Start importing Assets/Scenes/SampleScene.unity using Guid(2cda990e2423bbf4892e6590ba056729) Importer(815301076,1909f56bfc062723c751e8b465ee728b)  -> (artifact id: 'bf5e73b2e22b52aff627c491fb206841') in 0.000446 seconds
Number of updated asset objects reloaded before import = 0
Number of asset objects unloaded after import = 0
